Arguments: 
  C:\Program Files\nodejs\node.exe C:\Users\rupam\AppData\Roaming\npm\node_modules\yarn\bin\yarn.js add lucide-svelte

PATH: 
  C:\Program Files\Eclipse Adoptium\jdk-11.0.17.8-hotspot\bin;C:\Python311\Scripts\;C:\Python311\;C:\Windows\system32;C:\Windows;C:\Windows\System32\Wbem;C:\Windows\System32\WindowsPowerShell\v1.0\;C:\Windows\System32\OpenSSH\;C:\Program Files (x86)\NVIDIA Corporation\PhysX\Common;C:\Program Files\NVIDIA Corporation\NVIDIA NvDLISR;C:\Program Files\dotnet\;C:\Program Files\Git\cmd;C:\WINDOWS\system32;C:\WINDOWS;C:\WINDOWS\System32\Wbem;C:\WINDOWS\System32\WindowsPowerShell\v1.0\;C:\WINDOWS\System32\OpenSSH\;C:\ProgramData\chocolatey\bin;C:\Program Files\Microsoft SQL Server\150\Tools\Binn\;C:\Program Files\Microsoft SQL Server\Client SDK\ODBC\170\Tools\Binn\;C:\Program Files\nodejs\;C:\Users\rupam\AppData\Local\Microsoft\WindowsApps;C:\Users\rupam\AppData\Local\Android\Sdk\platform-tools;C:\Users\rupam\AppData\Local\Programs\Microsoft VS Code\bin;C:\Users\rupam\.dotnet\tools;C:\Users\rupam\AppData\Roaming\npm

Yarn version: 
  1.22.19

Node version: 
  20.11.0

Platform: 
  win32 x64

Trace: 
  Error: EPERM: operation not permitted, unlink 'D:\Development\spotify-svelte\node_modules\@rollup\rollup-win32-x64-msvc\rollup.win32-x64-msvc.node'

npm manifest: 
  {
  	"name": "spotify-svelte",
  	"version": "0.0.1",
  	"private": true,
  	"scripts": {
  		"dev": "vite dev",
  		"build": "vite build",
  		"preview": "vite preview",
  		"test": "npm run test:integration && npm run test:unit",
  		"check": "svelte-kit sync && svelte-check --tsconfig ./tsconfig.json",
  		"check:watch": "svelte-kit sync && svelte-check --tsconfig ./tsconfig.json --watch",
  		"lint": "prettier --check . && eslint .",
  		"format": "prettier --write .",
  		"test:integration": "playwright test",
  		"test:unit": "vitest"
  	},
  	"devDependencies": {
  		"@playwright/test": "^1.28.1",
  		"@sveltejs/adapter-auto": "^3.0.0",
  		"@sveltejs/kit": "^2.0.0",
  		"@sveltejs/vite-plugin-svelte": "^3.0.0",
  		"@types/eslint": "^8.56.0",
  		"@types/node": "^20.11.30",
  		"@typescript-eslint/eslint-plugin": "^7.0.0",
  		"@typescript-eslint/parser": "^7.0.0",
  		"autoprefixer": "^10.4.18",
  		"eslint": "^8.56.0",
  		"eslint-config-prettier": "^9.1.0",
  		"eslint-plugin-svelte": "^2.35.1",
  		"postcss": "^8.4.35",
  		"prettier": "^3.1.1",
  		"prettier-plugin-svelte": "^3.1.2",
  		"svelte": "^4.2.7",
  		"svelte-check": "^3.6.0",
  		"tailwindcss": "^3.4.1",
  		"tslib": "^2.4.1",
  		"typescript": "^5.0.0",
  		"vite": "^5.0.3",
  		"vitest": "^1.2.0"
  	},
  	"type": "module",
  	"dependencies": {
  		"@fontsource/metropolis": "^5.0.7",
  		"@types/spotify-api": "^0.0.25",
  		"modern-normalize": "^2.0.0",
  		"pkce-gen": "^1.1.0",
  		"sass": "^1.72.0"
  	}
  }

yarn manifest: 
  No manifest

Lockfile: 
  No lockfile
